0 info it worked if it ends with ok
1 verbose cli [ 'node', '/usr/local/bin/npm', 'run', 'less' ]
2 info using npm@2.11.3
3 info using node@v0.12.7
4 verbose run-script [ 'preless', 'less', 'postless' ]
5 info preless triple-care@0.0.0
6 info less triple-care@0.0.0
7 verbose unsafe-perm in lifecycle true
8 info triple-care@0.0.0 Failed to exec less script
9 verbose stack Error: triple-care@0.0.0 less: `mkdirp app/dist && lessc app/styles/main.less > app/dist/app.css --clean-css="--s0 --advanced"`
9 verbose stack Exit status 1
9 verbose stack     at EventEmitter.<anonymous> (/usr/local/lib/node_modules/npm/lib/utils/lifecycle.js:213:16)
9 verbose stack     at EventEmitter.emit (events.js:110:17)
9 verbose stack     at ChildProcess.<anonymous> (/usr/local/lib/node_modules/npm/lib/utils/spawn.js:24:14)
9 verbose stack     at ChildProcess.emit (events.js:110:17)
9 verbose stack     at maybeClose (child_process.js:1015:16)
9 verbose stack     at Process.ChildProcess._handle.onexit (child_process.js:1087:5)
10 verbose pkgid triple-care@0.0.0
11 verbose cwd /Users/haleyblackburn/Source/TripleCare
12 error Darwin 15.0.0
13 error argv "node" "/usr/local/bin/npm" "run" "less"
14 error node v0.12.7
15 error npm  v2.11.3
16 error code ELIFECYCLE
17 error triple-care@0.0.0 less: `mkdirp app/dist && lessc app/styles/main.less > app/dist/app.css --clean-css="--s0 --advanced"`
17 error Exit status 1
18 error Failed at the triple-care@0.0.0 less script 'mkdirp app/dist && lessc app/styles/main.less > app/dist/app.css --clean-css="--s0 --advanced"'.
18 error This is most likely a problem with the triple-care package,
18 error not with npm itself.
18 error Tell the author that this fails on your system:
18 error     mkdirp app/dist && lessc app/styles/main.less > app/dist/app.css --clean-css="--s0 --advanced"
18 error You can get their info via:
18 error     npm owner ls triple-care
18 error There is likely additional logging output above.
19 verbose exit [ 1, true ]
